* using log directory ‘/Users/ericrayanderson/Documents/Packages/shinyglass/shinyglass.Rcheck’
* using R version 4.4.1 (2024-06-14)
* using platform: x86_64-apple-darwin20
* R was compiled by
    Apple clang version 14.0.0 (clang-1400.0.29.202)
    GNU Fortran (GCC) 12.2.0
* running under: macOS Monterey 12.7.6
* using session charset: UTF-8
* using option ‘--as-cran’
* checking for file ‘shinyglass/DESCRIPTION’ ... OK
* checking extension type ... Package
* this is package ‘shinyglass’ version ‘0.1.0’
* package encoding: UTF-8
* checking CRAN incoming feasibility ... [5s/22s] NOTE
Maintainer: ‘Eric Anderson <eric.ray.anderson@gmail.com>’

New submission

License components with restrictions and base license permitting such:
  GPL-3 + file LICENSE
File 'LICENSE':
  YEAR: 2026
  COPYRIGHT HOLDER: Eric Anderson

Size of tarball: 5689775 bytes
* checking package namespace information ... OK
* checking package dependencies ... OK
* checking if this is a source package ... OK
* checking if there is a namespace ... OK
* checking for executable files ... OK
* checking for hidden files and directories ... OK
* checking for portable file names ... OK
* checking for sufficient/correct file permissions ... OK
* checking serialization versions ... OK
* checking whether package ‘shinyglass’ can be installed ... OK
* checking installed package size ... NOTE
  installed size is  6.3Mb
* checking package directory ... OK
* checking for future file timestamps ... NOTE
unable to verify current time
* checking DESCRIPTION meta-information ... NOTE
Package listed in more than one of Depends, Imports, Suggests, Enhances:
  ‘shiny’
A package should be listed in only one of these fields.
* checking top-level files ... NOTE
Files ‘README.md’ or ‘NEWS.md’ cannot be checked without ‘pandoc’ being installed.
* checking for left-over files ... OK
* checking index information ... OK
* checking package subdirectories ... OK
* checking code files for non-ASCII characters ... OK
* checking R files for syntax errors ... OK
* checking whether the package can be loaded ... OK
* checking whether the package can be loaded with stated dependencies ... OK
* checking whether the package can be unloaded cleanly ... OK
* checking whether the namespace can be loaded with stated dependencies ... OK
* checking whether the namespace can be unloaded cleanly ... OK
* checking use of S3 registration ... OK
* checking dependencies in R code ... OK
* checking S3 generic/method consistency ... OK
* checking replacement functions ... OK
* checking foreign function calls ... OK
* checking R code for possible problems ... OK
* checking Rd files ... OK
* checking Rd metadata ... OK
* checking Rd line widths ... OK
* checking Rd cross-references ... OK
* checking for missing documentation entries ... OK
* checking for code/documentation mismatches ... OK
* checking Rd \usage sections ... OK
* checking Rd contents ... OK
* checking for unstated dependencies in examples ... OK
* checking examples ... OK
* checking for unstated dependencies in ‘tests’ ... OK
* checking tests ... OK
  Running ‘testthat.R’
* checking PDF version of manual ... OK
* checking HTML version of manual ... NOTE
Found the following HTML validation problems:
glass_theme.html:15:44 (glass_theme.Rd:5): Error: <main> is not recognized!
glass_theme.html:15:44 (glass_theme.Rd:5): Warning: discarding unexpected <main>
glass_theme.html:96:1 (glass_theme.Rd:50): Warning: discarding unexpected </main>
glass_theme.html:4:1 (glass_theme.Rd:5): Warning: <link> inserting "type" attribute
glass_theme.html:12:1 (glass_theme.Rd:5): Warning: <script> proprietary attribute "onload"
glass_theme.html:12:1 (glass_theme.Rd:5): Warning: <script> inserting "type" attribute
glass_theme.html:17:1 (glass_theme.Rd:5): Warning: <table> lacks "summary" attribute
glass_theme.html:44:1 (glass_theme.Rd:17): Warning: <table> lacks "summary" attribute
glass_theme.html:66:14 (glass_theme.Rd:28): Warning: <code> attribute "id" has invalid value "..."
* checking for non-standard things in the check directory ... OK
* checking for detritus in the temp directory ... OK
* DONE
Status: 6 NOTEs
